0 info it worked if it ends with ok
1 verbose cli [ '/usr/local/bin/node', '/usr/local/bin/npm', 'publish' ]
2 info using npm@1.4.28
3 info using node@v0.10.35
4 verbose publish [ '.' ]
5 verbose cache add [ '.', null ]
6 verbose cache add name=undefined spec="." args=[".",null]
7 verbose parsed url { protocol: null,
7 verbose parsed url   slashes: null,
7 verbose parsed url   auth: null,
7 verbose parsed url   host: null,
7 verbose parsed url   port: null,
7 verbose parsed url   hostname: null,
7 verbose parsed url   hash: null,
7 verbose parsed url   search: null,
7 verbose parsed url   query: null,
7 verbose parsed url   pathname: '.',
7 verbose parsed url   path: '.',
7 verbose parsed url   href: '.' }
8 silly lockFile 3a52ce78- .
9 verbose lock . /Users/matthewoden/.npm/3a52ce78-.lock
10 verbose tar pack [ '/Users/matthewoden/.npm/keyevents/1.0.0/package.tgz', '.' ]
11 verbose tarball /Users/matthewoden/.npm/keyevents/1.0.0/package.tgz
12 verbose folder .
13 info prepublish keyevents@1.0.0
14 silly lockFile 1f1177db-tar tar://.
15 verbose lock tar://. /Users/matthewoden/.npm/1f1177db-tar.lock
16 silly lockFile 8d172d84--npm-keyevents-1-0-0-package-tgz tar:///Users/matthewoden/.npm/keyevents/1.0.0/package.tgz
17 verbose lock tar:///Users/matthewoden/.npm/keyevents/1.0.0/package.tgz /Users/matthewoden/.npm/8d172d84--npm-keyevents-1-0-0-package-tgz.lock
18 silly lockFile 1f1177db-tar tar://.
19 silly lockFile 1f1177db-tar tar://.
20 silly lockFile 8d172d84--npm-keyevents-1-0-0-package-tgz tar:///Users/matthewoden/.npm/keyevents/1.0.0/package.tgz
21 silly lockFile 8d172d84--npm-keyevents-1-0-0-package-tgz tar:///Users/matthewoden/.npm/keyevents/1.0.0/package.tgz
22 silly lockFile b0ee9a3b-oden-npm-keyevents-1-0-0-package /Users/matthewoden/.npm/keyevents/1.0.0/package
23 verbose lock /Users/matthewoden/.npm/keyevents/1.0.0/package /Users/matthewoden/.npm/b0ee9a3b-oden-npm-keyevents-1-0-0-package.lock
24 silly lockFile b0ee9a3b-oden-npm-keyevents-1-0-0-package /Users/matthewoden/.npm/keyevents/1.0.0/package
25 silly lockFile b0ee9a3b-oden-npm-keyevents-1-0-0-package /Users/matthewoden/.npm/keyevents/1.0.0/package
26 silly lockFile 3a52ce78- .
27 silly lockFile 3a52ce78- .
28 silly publish { name: 'keyevents',
28 silly publish   version: '1.0.0',
28 silly publish   description: 'A very basic key binding mixin for React.js',
28 silly publish   main: 'index.js',
28 silly publish   scripts: { test: 'echo "Error: no test specified" && exit 1' },
28 silly publish   keywords: [ 'Keypress', 'reactjs', 'react' ],
28 silly publish   author: { name: 'Matthew Oden Potter' },
28 silly publish   license: 'MIT',
28 silly publish   repository:
28 silly publish    { type: 'git',
28 silly publish      url: 'https://github.com/conmused/keyevents-npm' },
28 silly publish   bugs: { url: 'https://github.com/conmused/keyevents-npm/issues' },
28 silly publish   homepage: 'https://github.com/conmused/keyevents-npm',
28 silly publish   readme: '#keyevents\nA simple shortcut mixin for react.js. Useful for single button presses.\n\nThis mixin runs as a function, that requests a listener object. The object\'s key is the\n\na listener object might look something like this:\n````\n {\n  a:function(){\n      console.log(\'you pressed a!\');\n    }\n }\n````\nCurrently, everything runs on mousedown, so you\'ll probably want to include a timeout,\n\n\nThe keys included so far map to the following:\n````\n{\n  8 : \'backspace\',\n  9 : \'tab\',\n  13 : \'enter\',\n  16 : \'shift\',\n  17 : \'ctrl\',\n  18 : \'alt\',\n  19 : \'pause\',\n  20 : \'capsLock\',\n  27 : \'escape\',\n  33 : \'pageUp\',\n  34 : \'pageDown\',\n  35 : \'end\',\n  36 : \'home\',\n  37 : \'left\',\n  38 : \'up\',\n  39 : \'right\',\n  40 : \'down\',\n  45 : \'insert\',\n  46 : \'delete\',\n  48 : \'0\',\n  49 : \'1\',\n  50 : \'2\',\n  51 : \'3\',\n  52 : \'4\',\n  53 : \'5\',\n  54 : \'6\',\n  55 : \'7\',\n  56 : \'8\',\n  57 : \'9\',\n  65 : \'a\',\n  66 : \'b\',\n  67 : \'c\',\n  68 : \'d\',\n  69 : \'e\',\n  70 : \'f\',\n  71 : \'g\',\n  72 : \'h\',\n  73 : \'i\',\n  74 : \'j\',\n  75 : \'k\',\n  76 : \'l\',\n  77 : \'m\',\n  78 : \'n\',\n  79 : \'o\',\n  80 : \'p\',\n  81 : \'q\',\n  82 : \'r\',\n  83 : \'s\',\n  84 : \'t\',\n  85 : \'u\',\n  86 : \'v\',\n  87 : \'w\',\n  88 : \'x\',\n  89 : \'y\',\n  90 : \'z\',\n  91 : \'leftWindowKey\',\n  92 : \'rightWindowKey\',\n  93 : \'select\',\n  96 : \'numpad0\',\n  97 : \'numpad1\',\n  98 : \'numpad2\',\n  99 : \'numpad3\',\n  100 : \'numpad4\',\n  101 : \'numpad5\',\n  102 : \'numpad6\',\n  103 : \'numpad7\',\n  104 : \'numpad8\',\n  105 : \'numpad9\',\n  106 : \'multiply\',\n  107 : \'add\',\n  109 : \'subtract\',\n  110 : \'decimal \',\n  111 : \'divide\',\n  112 : \'f1\',\n  113 : \'f2\',\n  114 : \'f3\',\n  115 : \'f4\',\n  116 : \'f5\',\n  117 : \'f6\',\n  118 : \'f7\',\n  119 : \'f8\',\n  120 : \'f9\',\n  121 : \'f10\',\n  122 : \'f11\',\n  123 : \'f12\',\n  144 : \'numLock\',\n  145 : \'scrollLock\',\n  186 : \';\',\n  187 : \'=\',\n  188 : \',\',\n  189 : \'-\',\n  190 : \'.\',\n  191 : \'/\',\n  192 : \'`\',\n  219 : \'{\',\n  220 : \'\\\\\',\n  221 : \'}\',\n  22 : \'\\\'\'\n}\n\n```\n##Roadmap\nHandle shift + Key, and general key combinations.',
28 silly publish   readmeFilename: 'README.md',
28 silly publish   gitHead: '1ae19e1209cb942e9ea4d7478f39d74fe4f935ee',
28 silly publish   _id: 'keyevents@1.0.0',
28 silly publish   _shasum: 'c8a1cefa854e6ff3b50631ee3af9fc2e41ab8e70',
28 silly publish   _from: '.' }
29 error need auth auth and email required for publishing
29 error need auth You need to authorize this machine using `npm adduser`
30 error System Darwin 14.0.0
31 error command "/usr/local/bin/node" "/usr/local/bin/npm" "publish"
32 error cwd /Users/matthewoden/www/keyevents
33 error node -v v0.10.35
34 error npm -v 1.4.28
35 error code ENEEDAUTH
36 verbose exit [ 1, true ]
